2019/03/13 05:25:27 [error] [system.db.CDbCommand] CDbCommand::fetchAll() failed: SQLSTATE[42S02]: Base table or view not found: 1146 Table 'k24.tbl_user' doesn't exist. The SQL statement executed was: SHOW FULL COLUMNS FROM `tbl_user`.
in C:\xampp\htdocs\k24\protected\views\tblUser\index.php (19)
in C:\xampp\htdocs\k24\protected\controllers\TblUserController.php (127)
in C:\xampp\htdocs\k24\index.php (13)
2019/03/13 05:25:27 [error] [exception.CDbException] CDbException: The table "tbl_user" for active record class "TblUser" cannot be found in the database. in C:\xampp\htdocs\yii\framework\db\ar\CActiveRecord.php:2390
Stack trace:
#0 C:\xampp\htdocs\yii\framework\db\ar\CActiveRecord.php(413): CActiveRecordMetaData->__construct(Object(TblUser))
#1 C:\xampp\htdocs\yii\framework\db\ar\CActiveRecord.php(663): CActiveRecord->getMetaData()
#2 C:\xampp\htdocs\yii\framework\db\ar\CActiveRecord.php(1609): CActiveRecord->getTableSchema()
#3 C:\xampp\htdocs\yii\framework\web\CActiveDataProvider.php(228): CActiveRecord->count(Object(CDbCriteria))
#4 C:\xampp\htdocs\yii\framework\web\CDataProvider.php(224): CActiveDataProvider->calculateTotalItemCount()
#5 C:\xampp\htdocs\yii\framework\web\CActiveDataProvider.php(178): CDataProvider->getTotalItemCount()
#6 C:\xampp\htdocs\yii\framework\web\CDataProvider.php(168): CActiveDataProvider->fetchData()
#7 C:\xampp\htdocs\yii\framework\zii\widgets\CBaseListView.php(125): CDataProvider->getData()
#8 C:\xampp\htdocs\yii\framework\zii\widgets\CListView.php(211): CBaseListView->init()
#9 C:\xampp\htdocs\yii\framework\web\CBaseController.php(147): CListView->init()
#10 C:\xampp\htdocs\yii\framework\web\CBaseController.php(181): CBaseController->createWidget('zii.widgets.CLi...', Array)
#11 C:\xampp\htdocs\k24\protected\views\tblUser\index.php(19): CBaseController->widget('zii.widgets.CLi...', Array)
#12 C:\xampp\htdocs\yii\framework\web\CBaseController.php(126): require('C:\\xampp\\htdocs...')
#13 C:\xampp\htdocs\yii\framework\web\CBaseController.php(95): CBaseController->renderInternal('C:\\xampp\\htdocs...', Array, true)
#14 C:\xampp\htdocs\yii\framework\web\CController.php(872): CBaseController->renderFile('C:\\xampp\\htdocs...', Array, true)
#15 C:\xampp\htdocs\yii\framework\web\CController.php(785): CController->renderPartial('index', Array, true)
#16 C:\xampp\htdocs\k24\protected\controllers\TblUserController.php(127): CController->render('index', Array)
#17 C:\xampp\htdocs\yii\framework\web\actions\CInlineAction.php(49): TblUserController->actionIndex()
#18 C:\xampp\htdocs\yii\framework\web\CController.php(308): CInlineAction->runWithParams(Array)
#19 C:\xampp\htdocs\yii\framework\web\filters\CFilterChain.php(134): CController->runAction(Object(CInlineAction))
#20 C:\xampp\htdocs\yii\framework\web\filters\CFilter.php(40): CFilterChain->run()
#21 C:\xampp\htdocs\yii\framework\web\CController.php(1148): CFilter->filter(Object(CFilterChain))
#22 C:\xampp\htdocs\yii\framework\web\filters\CInlineFilter.php(58): CController->filterAccessControl(Object(CFilterChain))
#23 C:\xampp\htdocs\yii\framework\web\filters\CFilterChain.php(131): CInlineFilter->filter(Object(CFilterChain))
#24 C:\xampp\htdocs\yii\framework\web\CController.php(291): CFilterChain->run()
#25 C:\xampp\htdocs\yii\framework\web\CController.php(265): CController->runActionWithFilters(Object(CInlineAction), Array)
#26 C:\xampp\htdocs\yii\framework\web\CWebApplication.php(282): CController->run('index')
#27 C:\xampp\htdocs\yii\framework\web\CWebApplication.php(141): CWebApplication->runController('tblUser/index')
#28 C:\xampp\htdocs\yii\framework\base\CApplication.php(185): CWebApplication->processRequest()
#29 C:\xampp\htdocs\k24\index.php(13): CApplication->run()
#30 {main}
REQUEST_URI=/k24/index.php?r=tblUser/index
HTTP_REFERER=http://localhost/k24/index.php?r=tblUser/admin
---
2019/03/13 05:34:40 [error] [exception.ParseError] ParseError: syntax error, unexpected '<', expecting end of file in C:\xampp\htdocs\k24\protected\views\user\_view.php:37
Stack trace:
#0 C:\xampp\htdocs\yii\framework\web\CBaseController.php(95): CBaseController->renderInternal('C:\\xampp\\htdocs...', Array, false)
#1 C:\xampp\htdocs\yii\framework\zii\widgets\CListView.php(291): CBaseController->renderFile('C:\\xampp\\htdocs...', Array)
#2 C:\xampp\htdocs\yii\framework\zii\widgets\CBaseListView.php(181): CListView->renderItems()
#3 [internal function]: CBaseListView->renderSection(Array)
#4 C:\xampp\htdocs\yii\framework\zii\widgets\CBaseListView.php(164): preg_replace_callback('/{(\\w+)}/', Array, '{summary}\n{sort...')
#5 C:\xampp\htdocs\yii\framework\zii\widgets\CBaseListView.php(149): CBaseListView->renderContent()
#6 C:\xampp\htdocs\yii\framework\web\CBaseController.php(182): CBaseListView->run()
#7 C:\xampp\htdocs\k24\protected\views\user\index.php(19): CBaseController->widget('zii.widgets.CLi...', Array)
#8 C:\xampp\htdocs\yii\framework\web\CBaseController.php(126): require('C:\\xampp\\htdocs...')
#9 C:\xampp\htdocs\yii\framework\web\CBaseController.php(95): CBaseController->renderInternal('C:\\xampp\\htdocs...', Array, true)
#10 C:\xampp\htdocs\yii\framework\web\CController.php(872): CBaseController->renderFile('C:\\xampp\\htdocs...', Array, true)
#11 C:\xampp\htdocs\yii\framework\web\CController.php(785): CController->renderPartial('index', Array, true)
#12 C:\xampp\htdocs\k24\protected\controllers\UserController.php(127): CController->render('index', Array)
#13 C:\xampp\htdocs\yii\framework\web\actions\CInlineAction.php(49): UserController->actionIndex()
#14 C:\xampp\htdocs\yii\framework\web\CController.php(308): CInlineAction->runWithParams(Array)
#15 C:\xampp\htdocs\yii\framework\web\filters\CFilterChain.php(134): CController->runAction(Object(CInlineAction))
#16 C:\xampp\htdocs\yii\framework\web\filters\CFilter.php(40): CFilterChain->run()
#17 C:\xampp\htdocs\yii\framework\web\CController.php(1148): CFilter->filter(Object(CFilterChain))
#18 C:\xampp\htdocs\yii\framework\web\filters\CInlineFilter.php(58): CController->filterAccessControl(Object(CFilterChain))
#19 C:\xampp\htdocs\yii\framework\web\filters\CFilterChain.php(131): CInlineFilter->filter(Object(CFilterChain))
#20 C:\xampp\htdocs\yii\framework\web\CController.php(291): CFilterChain->run()
#21 C:\xampp\htdocs\yii\framework\web\CController.php(265): CController->runActionWithFilters(Object(CInlineAction), Array)
#22 C:\xampp\htdocs\yii\framework\web\CWebApplication.php(282): CController->run('index')
#23 C:\xampp\htdocs\yii\framework\web\CWebApplication.php(141): CWebApplication->runController('user/index')
#24 C:\xampp\htdocs\yii\framework\base\CApplication.php(185): CWebApplication->processRequest()
#25 C:\xampp\htdocs\k24\index.php(13): CApplication->run()
#26 {main}
REQUEST_URI=/k24/index.php?r=user/index
HTTP_REFERER=http://localhost/k24/index.php?r=user/view&id=2
---
2019/03/13 05:36:28 [error] [exception.ParseError] ParseError: syntax error, unexpected '<', expecting ')' in C:\xampp\htdocs\k24\protected\views\user\_view.php:6
Stack trace:
#0 C:\xampp\htdocs\yii\framework\web\CBaseController.php(95): CBaseController->renderInternal('C:\\xampp\\htdocs...', Array, false)
#1 C:\xampp\htdocs\yii\framework\zii\widgets\CListView.php(291): CBaseController->renderFile('C:\\xampp\\htdocs...', Array)
#2 C:\xampp\htdocs\yii\framework\zii\widgets\CBaseListView.php(181): CListView->renderItems()
#3 [internal function]: CBaseListView->renderSection(Array)
#4 C:\xampp\htdocs\yii\framework\zii\widgets\CBaseListView.php(164): preg_replace_callback('/{(\\w+)}/', Array, '{summary}\n{sort...')
#5 C:\xampp\htdocs\yii\framework\zii\widgets\CBaseListView.php(149): CBaseListView->renderContent()
#6 C:\xampp\htdocs\yii\framework\web\CBaseController.php(182): CBaseListView->run()
#7 C:\xampp\htdocs\k24\protected\views\user\index.php(19): CBaseController->widget('zii.widgets.CLi...', Array)
#8 C:\xampp\htdocs\yii\framework\web\CBaseController.php(126): require('C:\\xampp\\htdocs...')
#9 C:\xampp\htdocs\yii\framework\web\CBaseController.php(95): CBaseController->renderInternal('C:\\xampp\\htdocs...', Array, true)
#10 C:\xampp\htdocs\yii\framework\web\CController.php(872): CBaseController->renderFile('C:\\xampp\\htdocs...', Array, true)
#11 C:\xampp\htdocs\yii\framework\web\CController.php(785): CController->renderPartial('index', Array, true)
#12 C:\xampp\htdocs\k24\protected\controllers\UserController.php(127): CController->render('index', Array)
#13 C:\xampp\htdocs\yii\framework\web\actions\CInlineAction.php(49): UserController->actionIndex()
#14 C:\xampp\htdocs\yii\framework\web\CController.php(308): CInlineAction->runWithParams(Array)
#15 C:\xampp\htdocs\yii\framework\web\filters\CFilterChain.php(134): CController->runAction(Object(CInlineAction))
#16 C:\xampp\htdocs\yii\framework\web\filters\CFilter.php(40): CFilterChain->run()
#17 C:\xampp\htdocs\yii\framework\web\CController.php(1148): CFilter->filter(Object(CFilterChain))
#18 C:\xampp\htdocs\yii\framework\web\filters\CInlineFilter.php(58): CController->filterAccessControl(Object(CFilterChain))
#19 C:\xampp\htdocs\yii\framework\web\filters\CFilterChain.php(131): CInlineFilter->filter(Object(CFilterChain))
#20 C:\xampp\htdocs\yii\framework\web\CController.php(291): CFilterChain->run()
#21 C:\xampp\htdocs\yii\framework\web\CController.php(265): CController->runActionWithFilters(Object(CInlineAction), Array)
#22 C:\xampp\htdocs\yii\framework\web\CWebApplication.php(282): CController->run('index')
#23 C:\xampp\htdocs\yii\framework\web\CWebApplication.php(141): CWebApplication->runController('user/index')
#24 C:\xampp\htdocs\yii\framework\base\CApplication.php(185): CWebApplication->processRequest()
#25 C:\xampp\htdocs\k24\index.php(13): CApplication->run()
#26 {main}
REQUEST_URI=/k24/index.php?r=user/index
HTTP_REFERER=http://localhost/k24/index.php?r=user/admin
---
2019/03/13 05:36:40 [error] [exception.ParseError] ParseError: syntax error, unexpected '<', expecting ')' in C:\xampp\htdocs\k24\protected\views\user\_view.php:7
Stack trace:
#0 C:\xampp\htdocs\yii\framework\web\CBaseController.php(95): CBaseController->renderInternal('C:\\xampp\\htdocs...', Array, false)
#1 C:\xampp\htdocs\yii\framework\zii\widgets\CListView.php(291): CBaseController->renderFile('C:\\xampp\\htdocs...', Array)
#2 C:\xampp\htdocs\yii\framework\zii\widgets\CBaseListView.php(181): CListView->renderItems()
#3 [internal function]: CBaseListView->renderSection(Array)
#4 C:\xampp\htdocs\yii\framework\zii\widgets\CBaseListView.php(164): preg_replace_callback('/{(\\w+)}/', Array, '{summary}\n{sort...')
#5 C:\xampp\htdocs\yii\framework\zii\widgets\CBaseListView.php(149): CBaseListView->renderContent()
#6 C:\xampp\htdocs\yii\framework\web\CBaseController.php(182): CBaseListView->run()
#7 C:\xampp\htdocs\k24\protected\views\user\index.php(19): CBaseController->widget('zii.widgets.CLi...', Array)
#8 C:\xampp\htdocs\yii\framework\web\CBaseController.php(126): require('C:\\xampp\\htdocs...')
#9 C:\xampp\htdocs\yii\framework\web\CBaseController.php(95): CBaseController->renderInternal('C:\\xampp\\htdocs...', Array, true)
#10 C:\xampp\htdocs\yii\framework\web\CController.php(872): CBaseController->renderFile('C:\\xampp\\htdocs...', Array, true)
#11 C:\xampp\htdocs\yii\framework\web\CController.php(785): CController->renderPartial('index', Array, true)
#12 C:\xampp\htdocs\k24\protected\controllers\UserController.php(127): CController->render('index', Array)
#13 C:\xampp\htdocs\yii\framework\web\actions\CInlineAction.php(49): UserController->actionIndex()
#14 C:\xampp\htdocs\yii\framework\web\CController.php(308): CInlineAction->runWithParams(Array)
#15 C:\xampp\htdocs\yii\framework\web\filters\CFilterChain.php(134): CController->runAction(Object(CInlineAction))
#16 C:\xampp\htdocs\yii\framework\web\filters\CFilter.php(40): CFilterChain->run()
#17 C:\xampp\htdocs\yii\framework\web\CController.php(1148): CFilter->filter(Object(CFilterChain))
#18 C:\xampp\htdocs\yii\framework\web\filters\CInlineFilter.php(58): CController->filterAccessControl(Object(CFilterChain))
#19 C:\xampp\htdocs\yii\framework\web\filters\CFilterChain.php(131): CInlineFilter->filter(Object(CFilterChain))
#20 C:\xampp\htdocs\yii\framework\web\CController.php(291): CFilterChain->run()
#21 C:\xampp\htdocs\yii\framework\web\CController.php(265): CController->runActionWithFilters(Object(CInlineAction), Array)
#22 C:\xampp\htdocs\yii\framework\web\CWebApplication.php(282): CController->run('index')
#23 C:\xampp\htdocs\yii\framework\web\CWebApplication.php(141): CWebApplication->runController('user/index')
#24 C:\xampp\htdocs\yii\framework\base\CApplication.php(185): CWebApplication->processRequest()
#25 C:\xampp\htdocs\k24\index.php(13): CApplication->run()
#26 {main}
REQUEST_URI=/k24/index.php?r=user/index
HTTP_REFERER=http://localhost/k24/index.php?r=user/admin
---
2019/03/13 05:36:40 [error] [exception.ParseError] ParseError: syntax error, unexpected '<', expecting ')' in C:\xampp\htdocs\k24\protected\views\user\_view.php:7
Stack trace:
#0 C:\xampp\htdocs\yii\framework\web\CBaseController.php(95): CBaseController->renderInternal('C:\\xampp\\htdocs...', Array, false)
#1 C:\xampp\htdocs\yii\framework\zii\widgets\CListView.php(291): CBaseController->renderFile('C:\\xampp\\htdocs...', Array)
#2 C:\xampp\htdocs\yii\framework\zii\widgets\CBaseListView.php(181): CListView->renderItems()
#3 [internal function]: CBaseListView->renderSection(Array)
#4 C:\xampp\htdocs\yii\framework\zii\widgets\CBaseListView.php(164): preg_replace_callback('/{(\\w+)}/', Array, '{summary}\n{sort...')
#5 C:\xampp\htdocs\yii\framework\zii\widgets\CBaseListView.php(149): CBaseListView->renderContent()
#6 C:\xampp\htdocs\yii\framework\web\CBaseController.php(182): CBaseListView->run()
#7 C:\xampp\htdocs\k24\protected\views\user\index.php(19): CBaseController->widget('zii.widgets.CLi...', Array)
#8 C:\xampp\htdocs\yii\framework\web\CBaseController.php(126): require('C:\\xampp\\htdocs...')
#9 C:\xampp\htdocs\yii\framework\web\CBaseController.php(95): CBaseController->renderInternal('C:\\xampp\\htdocs...', Array, true)
#10 C:\xampp\htdocs\yii\framework\web\CController.php(872): CBaseController->renderFile('C:\\xampp\\htdocs...', Array, true)
#11 C:\xampp\htdocs\yii\framework\web\CController.php(785): CController->renderPartial('index', Array, true)
#12 C:\xampp\htdocs\k24\protected\controllers\UserController.php(127): CController->render('index', Array)
#13 C:\xampp\htdocs\yii\framework\web\actions\CInlineAction.php(49): UserController->actionIndex()
#14 C:\xampp\htdocs\yii\framework\web\CController.php(308): CInlineAction->runWithParams(Array)
#15 C:\xampp\htdocs\yii\framework\web\filters\CFilterChain.php(134): CController->runAction(Object(CInlineAction))
#16 C:\xampp\htdocs\yii\framework\web\filters\CFilter.php(40): CFilterChain->run()
#17 C:\xampp\htdocs\yii\framework\web\CController.php(1148): CFilter->filter(Object(CFilterChain))
#18 C:\xampp\htdocs\yii\framework\web\filters\CInlineFilter.php(58): CController->filterAccessControl(Object(CFilterChain))
#19 C:\xampp\htdocs\yii\framework\web\filters\CFilterChain.php(131): CInlineFilter->filter(Object(CFilterChain))
#20 C:\xampp\htdocs\yii\framework\web\CController.php(291): CFilterChain->run()
#21 C:\xampp\htdocs\yii\framework\web\CController.php(265): CController->runActionWithFilters(Object(CInlineAction), Array)
#22 C:\xampp\htdocs\yii\framework\web\CWebApplication.php(282): CController->run('index')
#23 C:\xampp\htdocs\yii\framework\web\CWebApplication.php(141): CWebApplication->runController('user/index')
#24 C:\xampp\htdocs\yii\framework\base\CApplication.php(185): CWebApplication->processRequest()
#25 C:\xampp\htdocs\k24\index.php(13): CApplication->run()
#26 {main}
REQUEST_URI=/k24/index.php?r=user/index
HTTP_REFERER=http://localhost/k24/index.php?r=user/admin
---
2019/03/13 05:36:41 [error] [exception.ParseError] ParseError: syntax error, unexpected '<', expecting ')' in C:\xampp\htdocs\k24\protected\views\user\_view.php:7
Stack trace:
#0 C:\xampp\htdocs\yii\framework\web\CBaseController.php(95): CBaseController->renderInternal('C:\\xampp\\htdocs...', Array, false)
#1 C:\xampp\htdocs\yii\framework\zii\widgets\CListView.php(291): CBaseController->renderFile('C:\\xampp\\htdocs...', Array)
#2 C:\xampp\htdocs\yii\framework\zii\widgets\CBaseListView.php(181): CListView->renderItems()
#3 [internal function]: CBaseListView->renderSection(Array)
#4 C:\xampp\htdocs\yii\framework\zii\widgets\CBaseListView.php(164): preg_replace_callback('/{(\\w+)}/', Array, '{summary}\n{sort...')
#5 C:\xampp\htdocs\yii\framework\zii\widgets\CBaseListView.php(149): CBaseListView->renderContent()
#6 C:\xampp\htdocs\yii\framework\web\CBaseController.php(182): CBaseListView->run()
#7 C:\xampp\htdocs\k24\protected\views\user\index.php(19): CBaseController->widget('zii.widgets.CLi...', Array)
#8 C:\xampp\htdocs\yii\framework\web\CBaseController.php(126): require('C:\\xampp\\htdocs...')
#9 C:\xampp\htdocs\yii\framework\web\CBaseController.php(95): CBaseController->renderInternal('C:\\xampp\\htdocs...', Array, true)
#10 C:\xampp\htdocs\yii\framework\web\CController.php(872): CBaseController->renderFile('C:\\xampp\\htdocs...', Array, true)
#11 C:\xampp\htdocs\yii\framework\web\CController.php(785): CController->renderPartial('index', Array, true)
#12 C:\xampp\htdocs\k24\protected\controllers\UserController.php(127): CController->render('index', Array)
#13 C:\xampp\htdocs\yii\framework\web\actions\CInlineAction.php(49): UserController->actionIndex()
#14 C:\xampp\htdocs\yii\framework\web\CController.php(308): CInlineAction->runWithParams(Array)
#15 C:\xampp\htdocs\yii\framework\web\filters\CFilterChain.php(134): CController->runAction(Object(CInlineAction))
#16 C:\xampp\htdocs\yii\framework\web\filters\CFilter.php(40): CFilterChain->run()
#17 C:\xampp\htdocs\yii\framework\web\CController.php(1148): CFilter->filter(Object(CFilterChain))
#18 C:\xampp\htdocs\yii\framework\web\filters\CInlineFilter.php(58): CController->filterAccessControl(Object(CFilterChain))
#19 C:\xampp\htdocs\yii\framework\web\filters\CFilterChain.php(131): CInlineFilter->filter(Object(CFilterChain))
#20 C:\xampp\htdocs\yii\framework\web\CController.php(291): CFilterChain->run()
#21 C:\xampp\htdocs\yii\framework\web\CController.php(265): CController->runActionWithFilters(Object(CInlineAction), Array)
#22 C:\xampp\htdocs\yii\framework\web\CWebApplication.php(282): CController->run('index')
#23 C:\xampp\htdocs\yii\framework\web\CWebApplication.php(141): CWebApplication->runController('user/index')
#24 C:\xampp\htdocs\yii\framework\base\CApplication.php(185): CWebApplication->processRequest()
#25 C:\xampp\htdocs\k24\index.php(13): CApplication->run()
#26 {main}
REQUEST_URI=/k24/index.php?r=user/index
HTTP_REFERER=http://localhost/k24/index.php?r=user/admin
---
2019/03/13 05:36:41 [error] [exception.ParseError] ParseError: syntax error, unexpected '<', expecting ')' in C:\xampp\htdocs\k24\protected\views\user\_view.php:7
Stack trace:
#0 C:\xampp\htdocs\yii\framework\web\CBaseController.php(95): CBaseController->renderInternal('C:\\xampp\\htdocs...', Array, false)
#1 C:\xampp\htdocs\yii\framework\zii\widgets\CListView.php(291): CBaseController->renderFile('C:\\xampp\\htdocs...', Array)
#2 C:\xampp\htdocs\yii\framework\zii\widgets\CBaseListView.php(181): CListView->renderItems()
#3 [internal function]: CBaseListView->renderSection(Array)
#4 C:\xampp\htdocs\yii\framework\zii\widgets\CBaseListView.php(164): preg_replace_callback('/{(\\w+)}/', Array, '{summary}\n{sort...')
#5 C:\xampp\htdocs\yii\framework\zii\widgets\CBaseListView.php(149): CBaseListView->renderContent()
#6 C:\xampp\htdocs\yii\framework\web\CBaseController.php(182): CBaseListView->run()
#7 C:\xampp\htdocs\k24\protected\views\user\index.php(19): CBaseController->widget('zii.widgets.CLi...', Array)
#8 C:\xampp\htdocs\yii\framework\web\CBaseController.php(126): require('C:\\xampp\\htdocs...')
#9 C:\xampp\htdocs\yii\framework\web\CBaseController.php(95): CBaseController->renderInternal('C:\\xampp\\htdocs...', Array, true)
#10 C:\xampp\htdocs\yii\framework\web\CController.php(872): CBaseController->renderFile('C:\\xampp\\htdocs...', Array, true)
#11 C:\xampp\htdocs\yii\framework\web\CController.php(785): CController->renderPartial('index', Array, true)
#12 C:\xampp\htdocs\k24\protected\controllers\UserController.php(127): CController->render('index', Array)
#13 C:\xampp\htdocs\yii\framework\web\actions\CInlineAction.php(49): UserController->actionIndex()
#14 C:\xampp\htdocs\yii\framework\web\CController.php(308): CInlineAction->runWithParams(Array)
#15 C:\xampp\htdocs\yii\framework\web\filters\CFilterChain.php(134): CController->runAction(Object(CInlineAction))
#16 C:\xampp\htdocs\yii\framework\web\filters\CFilter.php(40): CFilterChain->run()
#17 C:\xampp\htdocs\yii\framework\web\CController.php(1148): CFilter->filter(Object(CFilterChain))
#18 C:\xampp\htdocs\yii\framework\web\filters\CInlineFilter.php(58): CController->filterAccessControl(Object(CFilterChain))
#19 C:\xampp\htdocs\yii\framework\web\filters\CFilterChain.php(131): CInlineFilter->filter(Object(CFilterChain))
#20 C:\xampp\htdocs\yii\framework\web\CController.php(291): CFilterChain->run()
#21 C:\xampp\htdocs\yii\framework\web\CController.php(265): CController->runActionWithFilters(Object(CInlineAction), Array)
#22 C:\xampp\htdocs\yii\framework\web\CWebApplication.php(282): CController->run('index')
#23 C:\xampp\htdocs\yii\framework\web\CWebApplication.php(141): CWebApplication->runController('user/index')
#24 C:\xampp\htdocs\yii\framework\base\CApplication.php(185): CWebApplication->processRequest()
#25 C:\xampp\htdocs\k24\index.php(13): CApplication->run()
#26 {main}
REQUEST_URI=/k24/index.php?r=user/index
HTTP_REFERER=http://localhost/k24/index.php?r=user/admin
---
2019/03/13 05:36:51 [error] [exception.ParseError] ParseError: syntax error, unexpected '<', expecting ')' in C:\xampp\htdocs\k24\protected\views\user\_view.php:7
Stack trace:
#0 C:\xampp\htdocs\yii\framework\web\CBaseController.php(95): CBaseController->renderInternal('C:\\xampp\\htdocs...', Array, false)
#1 C:\xampp\htdocs\yii\framework\zii\widgets\CListView.php(291): CBaseController->renderFile('C:\\xampp\\htdocs...', Array)
#2 C:\xampp\htdocs\yii\framework\zii\widgets\CBaseListView.php(181): CListView->renderItems()
#3 [internal function]: CBaseListView->renderSection(Array)
#4 C:\xampp\htdocs\yii\framework\zii\widgets\CBaseListView.php(164): preg_replace_callback('/{(\\w+)}/', Array, '{summary}\n{sort...')
#5 C:\xampp\htdocs\yii\framework\zii\widgets\CBaseListView.php(149): CBaseListView->renderContent()
#6 C:\xampp\htdocs\yii\framework\web\CBaseController.php(182): CBaseListView->run()
#7 C:\xampp\htdocs\k24\protected\views\user\index.php(19): CBaseController->widget('zii.widgets.CLi...', Array)
#8 C:\xampp\htdocs\yii\framework\web\CBaseController.php(126): require('C:\\xampp\\htdocs...')
#9 C:\xampp\htdocs\yii\framework\web\CBaseController.php(95): CBaseController->renderInternal('C:\\xampp\\htdocs...', Array, true)
#10 C:\xampp\htdocs\yii\framework\web\CController.php(872): CBaseController->renderFile('C:\\xampp\\htdocs...', Array, true)
#11 C:\xampp\htdocs\yii\framework\web\CController.php(785): CController->renderPartial('index', Array, true)
#12 C:\xampp\htdocs\k24\protected\controllers\UserController.php(127): CController->render('index', Array)
#13 C:\xampp\htdocs\yii\framework\web\actions\CInlineAction.php(49): UserController->actionIndex()
#14 C:\xampp\htdocs\yii\framework\web\CController.php(308): CInlineAction->runWithParams(Array)
#15 C:\xampp\htdocs\yii\framework\web\filters\CFilterChain.php(134): CController->runAction(Object(CInlineAction))
#16 C:\xampp\htdocs\yii\framework\web\filters\CFilter.php(40): CFilterChain->run()
#17 C:\xampp\htdocs\yii\framework\web\CController.php(1148): CFilter->filter(Object(CFilterChain))
#18 C:\xampp\htdocs\yii\framework\web\filters\CInlineFilter.php(58): CController->filterAccessControl(Object(CFilterChain))
#19 C:\xampp\htdocs\yii\framework\web\filters\CFilterChain.php(131): CInlineFilter->filter(Object(CFilterChain))
#20 C:\xampp\htdocs\yii\framework\web\CController.php(291): CFilterChain->run()
#21 C:\xampp\htdocs\yii\framework\web\CController.php(265): CController->runActionWithFilters(Object(CInlineAction), Array)
#22 C:\xampp\htdocs\yii\framework\web\CWebApplication.php(282): CController->run('index')
#23 C:\xampp\htdocs\yii\framework\web\CWebApplication.php(141): CWebApplication->runController('user/index')
#24 C:\xampp\htdocs\yii\framework\base\CApplication.php(185): CWebApplication->processRequest()
#25 C:\xampp\htdocs\k24\index.php(13): CApplication->run()
#26 {main}
REQUEST_URI=/k24/index.php?r=user/index
HTTP_REFERER=http://localhost/k24/index.php?r=user/admin
---
2019/03/13 06:45:38 [error] [exception.CException] CException: SiteController cannot find the requested view "k24/index". in C:\xampp\htdocs\yii\framework\web\CController.php:881
Stack trace:
#0 C:\xampp\htdocs\yii\framework\web\CController.php(785): CController->renderPartial('k24/index', NULL, true)
#1 C:\xampp\htdocs\k24\protected\controllers\SiteController.php(32): CController->render('k24/index')
#2 C:\xampp\htdocs\yii\framework\web\actions\CInlineAction.php(49): SiteController->actionIndex()
#3 C:\xampp\htdocs\yii\framework\web\CController.php(308): CInlineAction->runWithParams(Array)
#4 C:\xampp\htdocs\yii\framework\web\CController.php(286): CController->runAction(Object(CInlineAction))
#5 C:\xampp\htdocs\yii\framework\web\CController.php(265): CController->runActionWithFilters(Object(CInlineAction), Array)
#6 C:\xampp\htdocs\yii\framework\web\CWebApplication.php(282): CController->run('')
#7 C:\xampp\htdocs\yii\framework\web\CWebApplication.php(141): CWebApplication->runController('')
#8 C:\xampp\htdocs\yii\framework\base\CApplication.php(185): CWebApplication->processRequest()
#9 C:\xampp\htdocs\k24\index.php(13): CApplication->run()
#10 {main}
REQUEST_URI=/k24/
---
2019/03/13 06:47:15 [error] [exception.CException] CException: SiteController cannot find the requested view "k24/index". in C:\xampp\htdocs\yii\framework\web\CController.php:881
Stack trace:
#0 C:\xampp\htdocs\yii\framework\web\CController.php(785): CController->renderPartial('k24/index', NULL, true)
#1 C:\xampp\htdocs\k24\protected\controllers\SiteController.php(32): CController->render('k24/index')
#2 C:\xampp\htdocs\yii\framework\web\actions\CInlineAction.php(49): SiteController->actionIndex()
#3 C:\xampp\htdocs\yii\framework\web\CController.php(308): CInlineAction->runWithParams(Array)
#4 C:\xampp\htdocs\yii\framework\web\CController.php(286): CController->runAction(Object(CInlineAction))
#5 C:\xampp\htdocs\yii\framework\web\CController.php(265): CController->runActionWithFilters(Object(CInlineAction), Array)
#6 C:\xampp\htdocs\yii\framework\web\CWebApplication.php(282): CController->run('')
#7 C:\xampp\htdocs\yii\framework\web\CWebApplication.php(141): CWebApplication->runController('')
#8 C:\xampp\htdocs\yii\framework\base\CApplication.php(185): CWebApplication->processRequest()
#9 C:\xampp\htdocs\k24\index.php(13): CApplication->run()
#10 {main}
REQUEST_URI=/k24/index.php
HTTP_REFERER=http://localhost/k24/index.php?r=user
---
2019/03/14 13:57:20 [error] [php] Trying to get property 'id' of non-object (C:\xampp\htdocs\k24\protected\components\UserIdentity.php:32)
Stack trace:
#0 C:\xampp\htdocs\yii\framework\validators\CValidator.php(201): CInlineValidator->validateAttribute()
#1 C:\xampp\htdocs\yii\framework\base\CModel.php(159): CInlineValidator->validate()
#2 C:\xampp\htdocs\k24\protected\controllers\SiteController.php(94): LoginForm->validate()
#3 C:\xampp\htdocs\yii\framework\web\actions\CInlineAction.php(49): SiteController->actionLogin()
#4 C:\xampp\htdocs\yii\framework\web\CController.php(308): CInlineAction->runWithParams()
#5 C:\xampp\htdocs\yii\framework\web\CController.php(286): SiteController->runAction()
#6 C:\xampp\htdocs\yii\framework\web\CController.php(265): SiteController->runActionWithFilters()
#7 C:\xampp\htdocs\yii\framework\web\CWebApplication.php(282): SiteController->run()
#8 C:\xampp\htdocs\yii\framework\web\CWebApplication.php(141): CWebApplication->runController()
#9 C:\xampp\htdocs\yii\framework\base\CApplication.php(185): CWebApplication->processRequest()
#10 C:\xampp\htdocs\k24\index.php(13): CWebApplication->run()
REQUEST_URI=/k24/index.php?r=site/login
in C:\xampp\htdocs\k24\protected\components\UserIdentity.php (32)
in C:\xampp\htdocs\k24\protected\models\LoginForm.php (54)
in C:\xampp\htdocs\k24\protected\controllers\SiteController.php (94)
2019/03/14 13:57:35 [error] [php] Trying to get property 'id' of non-object (C:\xampp\htdocs\k24\protected\components\UserIdentity.php:32)
Stack trace:
#0 C:\xampp\htdocs\yii\framework\validators\CValidator.php(201): CInlineValidator->validateAttribute()
#1 C:\xampp\htdocs\yii\framework\base\CModel.php(159): CInlineValidator->validate()
#2 C:\xampp\htdocs\k24\protected\controllers\SiteController.php(94): LoginForm->validate()
#3 C:\xampp\htdocs\yii\framework\web\actions\CInlineAction.php(49): SiteController->actionLogin()
#4 C:\xampp\htdocs\yii\framework\web\CController.php(308): CInlineAction->runWithParams()
#5 C:\xampp\htdocs\yii\framework\web\CController.php(286): SiteController->runAction()
#6 C:\xampp\htdocs\yii\framework\web\CController.php(265): SiteController->runActionWithFilters()
#7 C:\xampp\htdocs\yii\framework\web\CWebApplication.php(282): SiteController->run()
#8 C:\xampp\htdocs\yii\framework\web\CWebApplication.php(141): CWebApplication->runController()
#9 C:\xampp\htdocs\yii\framework\base\CApplication.php(185): CWebApplication->processRequest()
#10 C:\xampp\htdocs\k24\index.php(13): CWebApplication->run()
REQUEST_URI=/k24/index.php?r=site/login
in C:\xampp\htdocs\k24\protected\components\UserIdentity.php (32)
in C:\xampp\htdocs\k24\protected\models\LoginForm.php (54)
in C:\xampp\htdocs\k24\protected\controllers\SiteController.php (94)
2019/03/14 13:57:38 [error] [php] Trying to get property 'id' of non-object (C:\xampp\htdocs\k24\protected\components\UserIdentity.php:32)
Stack trace:
#0 C:\xampp\htdocs\yii\framework\validators\CValidator.php(201): CInlineValidator->validateAttribute()
#1 C:\xampp\htdocs\yii\framework\base\CModel.php(159): CInlineValidator->validate()
#2 C:\xampp\htdocs\k24\protected\controllers\SiteController.php(94): LoginForm->validate()
#3 C:\xampp\htdocs\yii\framework\web\actions\CInlineAction.php(49): SiteController->actionLogin()
#4 C:\xampp\htdocs\yii\framework\web\CController.php(308): CInlineAction->runWithParams()
#5 C:\xampp\htdocs\yii\framework\web\CController.php(286): SiteController->runAction()
#6 C:\xampp\htdocs\yii\framework\web\CController.php(265): SiteController->runActionWithFilters()
#7 C:\xampp\htdocs\yii\framework\web\CWebApplication.php(282): SiteController->run()
#8 C:\xampp\htdocs\yii\framework\web\CWebApplication.php(141): CWebApplication->runController()
#9 C:\xampp\htdocs\yii\framework\base\CApplication.php(185): CWebApplication->processRequest()
#10 C:\xampp\htdocs\k24\index.php(13): CWebApplication->run()
REQUEST_URI=/k24/index.php?r=site/login
in C:\xampp\htdocs\k24\protected\components\UserIdentity.php (32)
in C:\xampp\htdocs\k24\protected\models\LoginForm.php (54)
in C:\xampp\htdocs\k24\protected\controllers\SiteController.php (94)
2019/03/14 13:59:34 [error] [php] Undefined variable: user (C:\xampp\htdocs\k24\protected\components\UserIdentity.php:27)
Stack trace:
#0 C:\xampp\htdocs\yii\framework\validators\CValidator.php(201): CInlineValidator->validateAttribute()
#1 C:\xampp\htdocs\yii\framework\base\CModel.php(159): CInlineValidator->validate()
#2 C:\xampp\htdocs\k24\protected\controllers\SiteController.php(94): LoginForm->validate()
#3 C:\xampp\htdocs\yii\framework\web\actions\CInlineAction.php(49): SiteController->actionLogin()
#4 C:\xampp\htdocs\yii\framework\web\CController.php(308): CInlineAction->runWithParams()
#5 C:\xampp\htdocs\yii\framework\web\CController.php(286): SiteController->runAction()
#6 C:\xampp\htdocs\yii\framework\web\CController.php(265): SiteController->runActionWithFilters()
#7 C:\xampp\htdocs\yii\framework\web\CWebApplication.php(282): SiteController->run()
#8 C:\xampp\htdocs\yii\framework\web\CWebApplication.php(141): CWebApplication->runController()
#9 C:\xampp\htdocs\yii\framework\base\CApplication.php(185): CWebApplication->processRequest()
#10 C:\xampp\htdocs\k24\index.php(13): CWebApplication->run()
REQUEST_URI=/k24/index.php?r=site/login
in C:\xampp\htdocs\k24\protected\components\UserIdentity.php (27)
in C:\xampp\htdocs\k24\protected\models\LoginForm.php (54)
in C:\xampp\htdocs\k24\protected\controllers\SiteController.php (94)
2019/03/14 14:33:58 [error] [exception.CHttpException.404] CHttpException: Unable to find the code you requested. in C:\xampp\htdocs\yii\framework\gii\CCodeGenerator.php:90
Stack trace:
#0 C:\xampp\htdocs\yii\framework\web\actions\CInlineAction.php(49): CCodeGenerator->actionCode()
#1 C:\xampp\htdocs\yii\framework\web\CController.php(308): CInlineAction->runWithParams(Array)
#2 C:\xampp\htdocs\yii\framework\web\CController.php(286): CController->runAction(Object(CInlineAction))
#3 C:\xampp\htdocs\yii\framework\web\CController.php(265): CController->runActionWithFilters(Object(CInlineAction), Array)
#4 C:\xampp\htdocs\yii\framework\web\CWebApplication.php(282): CController->run('code')
#5 C:\xampp\htdocs\yii\framework\web\CWebApplication.php(141): CWebApplication->runController('gii/crud/code')
#6 C:\xampp\htdocs\yii\framework\base\CApplication.php(185): CWebApplication->processRequest()
#7 C:\xampp\htdocs\k24\index.php(13): CApplication->run()
#8 {main}
REQUEST_URI=/k24/index.php?r=gii/crud/code&id=0
HTTP_REFERER=http://localhost/k24/index.php?r=gii/crud/index
---
2019/03/14 14:34:01 [error] [exception.CHttpException.404] CHttpException: Unable to find the code you requested. in C:\xampp\htdocs\yii\framework\gii\CCodeGenerator.php:90
Stack trace:
#0 C:\xampp\htdocs\yii\framework\web\actions\CInlineAction.php(49): CCodeGenerator->actionCode()
#1 C:\xampp\htdocs\yii\framework\web\CController.php(308): CInlineAction->runWithParams(Array)
#2 C:\xampp\htdocs\yii\framework\web\CController.php(286): CController->runAction(Object(CInlineAction))
#3 C:\xampp\htdocs\yii\framework\web\CController.php(265): CController->runActionWithFilters(Object(CInlineAction), Array)
#4 C:\xampp\htdocs\yii\framework\web\CWebApplication.php(282): CController->run('code')
#5 C:\xampp\htdocs\yii\framework\web\CWebApplication.php(141): CWebApplication->runController('gii/crud/code')
#6 C:\xampp\htdocs\yii\framework\base\CApplication.php(185): CWebApplication->processRequest()
#7 C:\xampp\htdocs\k24\index.php(13): CApplication->run()
#8 {main}
REQUEST_URI=/k24/index.php?r=gii/crud/code&id=2
HTTP_REFERER=http://localhost/k24/index.php?r=gii/crud/index
---
2019/03/14 14:42:52 [error] [exception.CHttpException.404] CHttpException: Unable to resolve the request "k24/index.php?r=user". in C:\xampp\htdocs\yii\framework\web\CWebApplication.php:286
Stack trace:
#0 C:\xampp\htdocs\yii\framework\web\CWebApplication.php(141): CWebApplication->runController('k24/index.php?r...')
#1 C:\xampp\htdocs\yii\framework\base\CApplication.php(185): CWebApplication->processRequest()
#2 C:\xampp\htdocs\k24\index.php(13): CApplication->run()
#3 {main}
REQUEST_URI=/k24/index.php?r=k24/index.php?r=user
HTTP_REFERER=http://localhost/k24/index.php
---
2019/03/14 14:59:30 [error] [exception.CException] CException: Property "EWebUser.isAdmin" is not defined. in C:\xampp\htdocs\yii\framework\base\CComponent.php:130
Stack trace:
#0 C:\xampp\htdocs\yii\framework\web\auth\CWebUser.php(146): CComponent->__get('isAdmin')
#1 C:\xampp\htdocs\k24\protected\views\layouts\main.php(39): CWebUser->__get('isAdmin')
#2 C:\xampp\htdocs\yii\framework\web\CBaseController.php(126): require('C:\\xampp\\htdocs...')
#3 C:\xampp\htdocs\yii\framework\web\CBaseController.php(95): CBaseController->renderInternal('C:\\xampp\\htdocs...', Array, true)
#4 C:\xampp\htdocs\yii\framework\web\widgets\CContentDecorator.php(76): CBaseController->renderFile('C:\\xampp\\htdocs...', Array, true)
#5 C:\xampp\htdocs\yii\framework\web\widgets\CContentDecorator.php(54): CContentDecorator->decorate('<div class="spa...')
#6 C:\xampp\htdocs\yii\framework\web\widgets\COutputProcessor.php(44): CContentDecorator->processOutput('<div class="spa...')
#7 C:\xampp\htdocs\yii\framework\web\CBaseController.php(215): COutputProcessor->run()
#8 C:\xampp\htdocs\yii\framework\web\CBaseController.php(309): CBaseController->endWidget('CContentDecorat...')
#9 C:\xampp\htdocs\k24\protected\views\layouts\column2.php(22): CBaseController->endContent()
#10 C:\xampp\htdocs\yii\framework\web\CBaseController.php(126): require('C:\\xampp\\htdocs...')
#11 C:\xampp\htdocs\yii\framework\web\CBaseController.php(95): CBaseController->renderInternal('C:\\xampp\\htdocs...', Array, true)
#12 C:\xampp\htdocs\yii\framework\web\CController.php(787): CBaseController->renderFile('C:\\xampp\\htdocs...', Array, true)
#13 C:\xampp\htdocs\k24\protected\controllers\UserController.php(142): CController->render('admin', Array)
#14 C:\xampp\htdocs\yii\framework\web\actions\CInlineAction.php(49): UserController->actionAdmin()
#15 C:\xampp\htdocs\yii\framework\web\CController.php(308): CInlineAction->runWithParams(Array)
#16 C:\xampp\htdocs\yii\framework\web\filters\CFilterChain.php(134): CController->runAction(Object(CInlineAction))
#17 C:\xampp\htdocs\yii\framework\web\filters\CFilter.php(40): CFilterChain->run()
#18 C:\xampp\htdocs\yii\framework\web\CController.php(1148): CFilter->filter(Object(CFilterChain))
#19 C:\xampp\htdocs\yii\framework\web\filters\CInlineFilter.php(58): CController->filterAccessControl(Object(CFilterChain))
#20 C:\xampp\htdocs\yii\framework\web\filters\CFilterChain.php(131): CInlineFilter->filter(Object(CFilterChain))
#21 C:\xampp\htdocs\yii\framework\web\CController.php(291): CFilterChain->run()
#22 C:\xampp\htdocs\yii\framework\web\CController.php(265): CController->runActionWithFilters(Object(CInlineAction), Array)
#23 C:\xampp\htdocs\yii\framework\web\CWebApplication.php(282): CController->run('admin')
#24 C:\xampp\htdocs\yii\framework\web\CWebApplication.php(141): CWebApplication->runController('user/admin')
#25 C:\xampp\htdocs\yii\framework\base\CApplication.php(185): CWebApplication->processRequest()
#26 C:\xampp\htdocs\k24\index.php(13): CApplication->run()
#27 {main}
REQUEST_URI=/k24/index.php?r=user/admin
HTTP_REFERER=http://localhost/k24/index.php?r=site/login
---
2019/03/14 14:59:39 [error] [exception.CException] CException: Property "EWebUser.isAdmin" is not defined. in C:\xampp\htdocs\yii\framework\base\CComponent.php:130
Stack trace:
#0 C:\xampp\htdocs\yii\framework\web\auth\CWebUser.php(146): CComponent->__get('isAdmin')
#1 C:\xampp\htdocs\k24\protected\views\layouts\main.php(39): CWebUser->__get('isAdmin')
#2 C:\xampp\htdocs\yii\framework\web\CBaseController.php(126): require('C:\\xampp\\htdocs...')
#3 C:\xampp\htdocs\yii\framework\web\CBaseController.php(95): CBaseController->renderInternal('C:\\xampp\\htdocs...', Array, true)
#4 C:\xampp\htdocs\yii\framework\web\widgets\CContentDecorator.php(76): CBaseController->renderFile('C:\\xampp\\htdocs...', Array, true)
#5 C:\xampp\htdocs\yii\framework\web\widgets\CContentDecorator.php(54): CContentDecorator->decorate('<div id="conten...')
#6 C:\xampp\htdocs\yii\framework\web\widgets\COutputProcessor.php(44): CContentDecorator->processOutput('<div id="conten...')
#7 C:\xampp\htdocs\yii\framework\web\CBaseController.php(215): COutputProcessor->run()
#8 C:\xampp\htdocs\yii\framework\web\CBaseController.php(309): CBaseController->endWidget('CContentDecorat...')
#9 C:\xampp\htdocs\k24\protected\views\layouts\column1.php(6): CBaseController->endContent()
#10 C:\xampp\htdocs\yii\framework\web\CBaseController.php(126): require('C:\\xampp\\htdocs...')
#11 C:\xampp\htdocs\yii\framework\web\CBaseController.php(95): CBaseController->renderInternal('C:\\xampp\\htdocs...', Array, true)
#12 C:\xampp\htdocs\yii\framework\web\CController.php(787): CBaseController->renderFile('C:\\xampp\\htdocs...', Array, true)
#13 C:\xampp\htdocs\k24\protected\controllers\SiteController.php(98): CController->render('login', Array)
#14 C:\xampp\htdocs\yii\framework\web\actions\CInlineAction.php(49): SiteController->actionLogin()
#15 C:\xampp\htdocs\yii\framework\web\CController.php(308): CInlineAction->runWithParams(Array)
#16 C:\xampp\htdocs\yii\framework\web\CController.php(286): CController->runAction(Object(CInlineAction))
#17 C:\xampp\htdocs\yii\framework\web\CController.php(265): CController->runActionWithFilters(Object(CInlineAction), Array)
#18 C:\xampp\htdocs\yii\framework\web\CWebApplication.php(282): CController->run('login')
#19 C:\xampp\htdocs\yii\framework\web\CWebApplication.php(141): CWebApplication->runController('site/login')
#20 C:\xampp\htdocs\yii\framework\base\CApplication.php(185): CWebApplication->processRequest()
#21 C:\xampp\htdocs\k24\index.php(13): CApplication->run()
#22 {main}
REQUEST_URI=/k24/index.php?r=site/login
HTTP_REFERER=http://localhost/k24/index.php
---
2019/03/14 14:59:41 [error] [exception.CException] CException: Property "EWebUser.isAdmin" is not defined. in C:\xampp\htdocs\yii\framework\base\CComponent.php:130
Stack trace:
#0 C:\xampp\htdocs\yii\framework\web\auth\CWebUser.php(146): CComponent->__get('isAdmin')
#1 C:\xampp\htdocs\k24\protected\views\layouts\main.php(39): CWebUser->__get('isAdmin')
#2 C:\xampp\htdocs\yii\framework\web\CBaseController.php(126): require('C:\\xampp\\htdocs...')
#3 C:\xampp\htdocs\yii\framework\web\CBaseController.php(95): CBaseController->renderInternal('C:\\xampp\\htdocs...', Array, true)
#4 C:\xampp\htdocs\yii\framework\web\widgets\CContentDecorator.php(76): CBaseController->renderFile('C:\\xampp\\htdocs...', Array, true)
#5 C:\xampp\htdocs\yii\framework\web\widgets\CContentDecorator.php(54): CContentDecorator->decorate('<div id="conten...')
#6 C:\xampp\htdocs\yii\framework\web\widgets\COutputProcessor.php(44): CContentDecorator->processOutput('<div id="conten...')
#7 C:\xampp\htdocs\yii\framework\web\CBaseController.php(215): COutputProcessor->run()
#8 C:\xampp\htdocs\yii\framework\web\CBaseController.php(309): CBaseController->endWidget('CContentDecorat...')
#9 C:\xampp\htdocs\k24\protected\views\layouts\column1.php(6): CBaseController->endContent()
#10 C:\xampp\htdocs\yii\framework\web\CBaseController.php(126): require('C:\\xampp\\htdocs...')
#11 C:\xampp\htdocs\yii\framework\web\CBaseController.php(95): CBaseController->renderInternal('C:\\xampp\\htdocs...', Array, true)
#12 C:\xampp\htdocs\yii\framework\web\CController.php(787): CBaseController->renderFile('C:\\xampp\\htdocs...', Array, true)
#13 C:\xampp\htdocs\k24\protected\controllers\SiteController.php(32): CController->render('index')
#14 C:\xampp\htdocs\yii\framework\web\actions\CInlineAction.php(49): SiteController->actionIndex()
#15 C:\xampp\htdocs\yii\framework\web\CController.php(308): CInlineAction->runWithParams(Array)
#16 C:\xampp\htdocs\yii\framework\web\CController.php(286): CController->runAction(Object(CInlineAction))
#17 C:\xampp\htdocs\yii\framework\web\CController.php(265): CController->runActionWithFilters(Object(CInlineAction), Array)
#18 C:\xampp\htdocs\yii\framework\web\CWebApplication.php(282): CController->run('')
#19 C:\xampp\htdocs\yii\framework\web\CWebApplication.php(141): CWebApplication->runController('')
#20 C:\xampp\htdocs\yii\framework\base\CApplication.php(185): CWebApplication->processRequest()
#21 C:\xampp\htdocs\k24\index.php(13): CApplication->run()
#22 {main}
REQUEST_URI=/k24/index.php
HTTP_REFERER=http://localhost/k24/index.php?r=user/admin
---
